2023-03-24 23:00:14,336 INFO org.springframework.boot.StartupInfoLogger [main] Starting Main using Java 11 on DESKTOP-066IHJT with PID 16856 (C:\Users\HYRESH\Desktop\TpJava\TpSwagger\target\classes started by HYRESH in C:\Users\HYRESH\Desktop\TpJava\TpSwagger)
2023-03-24 23:00:14,339 DEBUG org.springframework.boot.StartupInfoLogger [main] Running with Spring Boot v2.5.1, Spring v5.3.8
2023-03-24 23:00:14,340 INFO org.springframework.boot.SpringApplication [main] The following profiles are active: dev
2023-03-24 23:00:16,743 INFO org.springframework.data.repository.config.RepositoryConfigurationDelegate [main] Bootstrapping Spring Data JPA repositories in DEFAULT mode.
2023-03-24 23:00:16,779 INFO org.springframework.data.repository.config.RepositoryConfigurationDelegate [main] Finished Spring Data repository scanning in 18 ms. Found 0 JPA repository interfaces.
2023-03-24 23:00:18,059 INFO org.springframework.boot.web.embedded.tomcat.TomcatWebServer [main] Tomcat initialized with port(s): 8083 (http)
2023-03-24 23:00:18,079 INFO org.apache.juli.logging.DirectJDKLog [main] Initializing ProtocolHandler ["http-nio-8083"]
2023-03-24 23:00:18,080 INFO org.apache.juli.logging.DirectJDKLog [main] Starting service [Tomcat]
2023-03-24 23:00:18,081 INFO org.apache.juli.logging.DirectJDKLog [main] Starting Servlet engine: [Apache Tomcat/9.0.46]
2023-03-24 23:00:18,392 INFO org.apache.juli.logging.DirectJDKLog [main] Initializing Spring embedded WebApplicationContext
2023-03-24 23:00:18,392 INFO org.springframework.boot.web.servlet.context.ServletWebServerApplicationContext [main] Root WebApplicationContext: initialization completed in 3896 ms
2023-03-24 23:00:18,622 INFO com.zaxxer.hikari.HikariDataSource [main] HikariPool-1 - Starting...
2023-03-24 23:00:19,372 INFO com.zaxxer.hikari.HikariDataSource [main] HikariPool-1 - Start completed.
2023-03-24 23:00:21,627 INFO org.springframework.orm.jpa.AbstractEntityManagerFactoryBean [main] Initialized JPA EntityManagerFactory for persistence unit 'default'
2023-03-24 23:00:22,094 WARN org.springframework.boot.autoconfigure.orm.jpa.JpaBaseConfiguration$JpaWebConfiguration [main] spring.jpa.open-in-view is enabled by default. Therefore, database queries may be performed during view rendering. Explicitly configure spring.jpa.open-in-view to disable this warning
2023-03-24 23:00:22,370 DEBUG org.springframework.web.servlet.handler.AbstractHandlerMethodMapping [main] 11 mappings in 'requestMappingHandlerMapping'
2023-03-24 23:00:22,856 DEBUG org.springframework.web.servlet.mvc.method.annotation.RequestMappingHandlerAdapter [main] ControllerAdvice beans: 0 @ModelAttribute, 0 @InitBinder, 1 RequestBodyAdvice, 1 ResponseBodyAdvice
2023-03-24 23:00:22,950 DEBUG org.springframework.web.servlet.handler.SimpleUrlHandlerMapping [main] Patterns [/swagger-ui/] in 'viewControllerHandlerMapping'
2023-03-24 23:00:23,017 DEBUG org.springframework.web.servlet.handler.SimpleUrlHandlerMapping [main] Patterns [/webjars/**, /**, /swagger-ui/**] in 'resourceHandlerMapping'
2023-03-24 23:00:23,033 DEBUG org.springframework.web.servlet.mvc.method.annotation.ExceptionHandlerExceptionResolver [main] ControllerAdvice beans: 0 @ExceptionHandler, 1 ResponseBodyAdvice
2023-03-24 23:00:23,429 INFO org.apache.juli.logging.DirectJDKLog [main] Starting ProtocolHandler ["http-nio-8083"]
2023-03-24 23:00:23,538 INFO org.springframework.boot.web.embedded.tomcat.TomcatWebServer [main] Tomcat started on port(s): 8083 (http) with context path ''
2023-03-24 23:00:23,945 INFO org.springframework.boot.StartupInfoLogger [main] Started Main in 10.599 seconds (JVM running for 11.74)
2023-03-24 23:00:23,956 INFO ma.geo.local.Main [main] Access URLs:
----------------------------------------------------------
	Local: 		http://127.0.0.1:8083/swagger-ui/#/
	External: 	http://172.17.240.1:8083/swagger-ui/#/
----------------------------------------------------------
2023-03-24 23:00:49,062 INFO org.apache.juli.logging.DirectJDKLog [http-nio-8083-exec-1] Initializing Spring DispatcherServlet 'dispatcherServlet'
2023-03-24 23:00:49,065 INFO org.springframework.web.servlet.FrameworkServlet [http-nio-8083-exec-1] Initializing Servlet 'dispatcherServlet'
2023-03-24 23:00:49,071 DEBUG org.springframework.web.servlet.DispatcherServlet [http-nio-8083-exec-1] Detected StandardServletMultipartResolver
2023-03-24 23:00:49,072 DEBUG org.springframework.web.servlet.DispatcherServlet [http-nio-8083-exec-1] Detected AcceptHeaderLocaleResolver
2023-03-24 23:00:49,077 DEBUG org.springframework.web.servlet.DispatcherServlet [http-nio-8083-exec-1] Detected FixedThemeResolver
2023-03-24 23:00:49,094 DEBUG org.springframework.web.servlet.DispatcherServlet [http-nio-8083-exec-1] Detected org.springframework.web.servlet.view.DefaultRequestToViewNameTranslator@90c01ab
2023-03-24 23:00:49,104 DEBUG org.springframework.web.servlet.DispatcherServlet [http-nio-8083-exec-1] Detected org.springframework.web.servlet.support.SessionFlashMapManager@1e5190bd
2023-03-24 23:00:49,107 DEBUG org.springframework.web.servlet.FrameworkServlet [http-nio-8083-exec-1] enableLoggingRequestDetails='false': request parameters and headers will be masked to prevent unsafe logging of potentially sensitive data
2023-03-24 23:00:49,108 INFO org.springframework.web.servlet.FrameworkServlet [http-nio-8083-exec-1] Completed initialization in 39 ms
2023-03-24 23:00:49,157 DEBUG org.springframework.core.log.LogFormatUtils [http-nio-8083-exec-1] GET "/swagger-ui/", parameters={}
2023-03-24 23:00:49,166 DEBUG org.springframework.web.servlet.handler.AbstractHandlerMapping [http-nio-8083-exec-1] Mapped to ParameterizableViewController [view="forward:/swagger-ui/index.html"]
2023-03-24 23:00:49,679 DEBUG org.springframework.web.servlet.view.ContentNegotiatingViewResolver [http-nio-8083-exec-1] Selected 'text/html' given [text/html, application/xhtml+xml, image/webp, image/apng, application/xml;q=0.9, application/signed-exchange;v=b3;q=0.7, */*;q=0.8]
2023-03-24 23:00:49,680 DEBUG org.springframework.web.servlet.view.AbstractView [http-nio-8083-exec-1] View name 'forward:', model {}
2023-03-24 23:00:49,683 DEBUG org.springframework.web.servlet.view.InternalResourceView [http-nio-8083-exec-1] Forwarding to [/swagger-ui/index.html]
2023-03-24 23:00:49,690 DEBUG org.springframework.core.log.LogFormatUtils [http-nio-8083-exec-1] "FORWARD" dispatch for GET "/swagger-ui/index.html", parameters={}
2023-03-24 23:00:49,694 DEBUG org.springframework.web.servlet.handler.AbstractHandlerMapping [http-nio-8083-exec-1] Mapped to ResourceHttpRequestHandler [Classpath [META-INF/resources/webjars/springfox-swagger-ui/]]
2023-03-24 23:00:49,704 DEBUG org.springframework.web.servlet.FrameworkServlet [http-nio-8083-exec-1] Exiting from "FORWARD" dispatch, status 304
2023-03-24 23:00:49,707 DEBUG org.springframework.web.servlet.FrameworkServlet [http-nio-8083-exec-1] Completed 304 NOT_MODIFIED
2023-03-24 23:00:49,779 DEBUG org.springframework.core.log.LogFormatUtils [http-nio-8083-exec-2] GET "/swagger-ui/springfox.css?v=3.0.0", parameters={masked}
2023-03-24 23:00:49,781 DEBUG org.springframework.web.servlet.handler.AbstractHandlerMapping [http-nio-8083-exec-2] Mapped to ResourceHttpRequestHandler [Classpath [META-INF/resources/webjars/springfox-swagger-ui/]]
2023-03-24 23:00:49,784 DEBUG org.springframework.web.servlet.FrameworkServlet [http-nio-8083-exec-2] Completed 304 NOT_MODIFIED
2023-03-24 23:00:49,802 DEBUG org.springframework.core.log.LogFormatUtils [http-nio-8083-exec-3] GET "/swagger-ui/swagger-ui.css?v=3.0.0", parameters={masked}
2023-03-24 23:00:49,803 DEBUG org.springframework.web.servlet.handler.AbstractHandlerMapping [http-nio-8083-exec-3] Mapped to ResourceHttpRequestHandler [Classpath [META-INF/resources/webjars/springfox-swagger-ui/]]
2023-03-24 23:00:49,805 DEBUG org.springframework.web.servlet.FrameworkServlet [http-nio-8083-exec-3] Completed 304 NOT_MODIFIED
2023-03-24 23:00:49,827 DEBUG org.springframework.core.log.LogFormatUtils [http-nio-8083-exec-4] GET "/swagger-ui/swagger-ui-bundle.js?v=3.0.0", parameters={masked}
2023-03-24 23:00:49,829 DEBUG org.springframework.web.servlet.handler.AbstractHandlerMapping [http-nio-8083-exec-4] Mapped to ResourceHttpRequestHandler [Classpath [META-INF/resources/webjars/springfox-swagger-ui/]]
2023-03-24 23:00:49,832 DEBUG org.springframework.web.servlet.FrameworkServlet [http-nio-8083-exec-4] Completed 304 NOT_MODIFIED
2023-03-24 23:00:49,839 DEBUG org.springframework.core.log.LogFormatUtils [http-nio-8083-exec-5] GET "/swagger-ui/swagger-ui-standalone-preset.js?v=3.0.0", parameters={masked}
2023-03-24 23:00:49,840 DEBUG org.springframework.web.servlet.handler.AbstractHandlerMapping [http-nio-8083-exec-5] Mapped to ResourceHttpRequestHandler [Classpath [META-INF/resources/webjars/springfox-swagger-ui/]]
2023-03-24 23:00:49,842 DEBUG org.springframework.web.servlet.FrameworkServlet [http-nio-8083-exec-5] Completed 304 NOT_MODIFIED
2023-03-24 23:00:49,848 DEBUG org.springframework.core.log.LogFormatUtils [http-nio-8083-exec-6] GET "/swagger-ui/springfox.js?v=3.0.0", parameters={masked}
2023-03-24 23:00:49,849 DEBUG org.springframework.web.servlet.handler.AbstractHandlerMapping [http-nio-8083-exec-6] Mapped to ResourceHttpRequestHandler [Classpath [META-INF/resources/webjars/springfox-swagger-ui/]]
2023-03-24 23:00:49,855 DEBUG org.springframework.web.servlet.FrameworkServlet [http-nio-8083-exec-6] Completed 304 NOT_MODIFIED
2023-03-24 23:00:50,115 DEBUG org.springframework.core.log.LogFormatUtils [http-nio-8083-exec-7] GET "/swagger-resources/configuration/ui", parameters={}
2023-03-24 23:00:50,117 DEBUG org.springframework.web.servlet.handler.AbstractHandlerMapping [http-nio-8083-exec-7] Mapped to springfox.documentation.swagger.web.ApiResourceController#uiConfiguration()
2023-03-24 23:00:50,138 DEBUG org.springframework.web.servlet.mvc.method.annotation.AbstractMessageConverterMethodProcessor [http-nio-8083-exec-7] Using 'application/json', given [application/json] and supported [application/json]
2023-03-24 23:00:50,167 DEBUG org.springframework.core.log.LogFormatUtils [http-nio-8083-exec-7] Writing [springfox.documentation.swagger.web.UiConfiguration@894b77]
2023-03-24 23:00:50,183 DEBUG org.springframework.web.servlet.FrameworkServlet [http-nio-8083-exec-7] Completed 200 OK
2023-03-24 23:00:50,188 DEBUG org.springframework.core.log.LogFormatUtils [http-nio-8083-exec-8] GET "/swagger-resources/configuration/security", parameters={}
2023-03-24 23:00:50,189 DEBUG org.springframework.web.servlet.handler.AbstractHandlerMapping [http-nio-8083-exec-8] Mapped to springfox.documentation.swagger.web.ApiResourceController#securityConfiguration()
2023-03-24 23:00:50,190 DEBUG org.springframework.web.servlet.mvc.method.annotation.AbstractMessageConverterMethodProcessor [http-nio-8083-exec-8] Using 'application/json', given [application/json] and supported [application/json]
2023-03-24 23:00:50,192 DEBUG org.springframework.core.log.LogFormatUtils [http-nio-8083-exec-8] Writing [springfox.documentation.swagger.web.SecurityConfiguration@356a6284]
2023-03-24 23:00:50,193 DEBUG org.springframework.web.servlet.FrameworkServlet [http-nio-8083-exec-8] Completed 200 OK
2023-03-24 23:00:50,199 DEBUG org.springframework.core.log.LogFormatUtils [http-nio-8083-exec-9] GET "/swagger-resources", parameters={}
2023-03-24 23:00:50,200 DEBUG org.springframework.web.servlet.handler.AbstractHandlerMapping [http-nio-8083-exec-9] Mapped to springfox.documentation.swagger.web.ApiResourceController#swaggerResources()
2023-03-24 23:00:50,201 DEBUG org.springframework.web.servlet.mvc.method.annotation.AbstractMessageConverterMethodProcessor [http-nio-8083-exec-9] Using 'application/json', given [application/json] and supported [application/json]
2023-03-24 23:00:50,202 DEBUG org.springframework.core.log.LogFormatUtils [http-nio-8083-exec-9] Writing [[springfox.documentation.swagger.web.SwaggerResource@4efff92f]]
2023-03-24 23:00:50,204 DEBUG org.springframework.web.servlet.FrameworkServlet [http-nio-8083-exec-9] Completed 200 OK
2023-03-24 23:00:50,240 DEBUG org.springframework.core.log.LogFormatUtils [http-nio-8083-exec-10] GET "/v2/api-docs", parameters={}
2023-03-24 23:00:50,241 DEBUG org.springframework.web.servlet.handler.AbstractHandlerMapping [http-nio-8083-exec-10] Mapped to springfox.documentation.swagger2.web.Swagger2ControllerWebMvc#getDocumentation(String, HttpServletRequest)
2023-03-24 23:00:50,408 DEBUG org.springframework.web.servlet.mvc.method.annotation.AbstractMessageConverterMethodProcessor [http-nio-8083-exec-10] Using 'application/json', given [application/json, */*] and supported [application/json, application/hal+json]
2023-03-24 23:00:50,411 DEBUG org.springframework.core.log.LogFormatUtils [http-nio-8083-exec-10] Writing [springfox.documentation.spring.web.json.Json@31c49097]
2023-03-24 23:00:50,414 DEBUG org.springframework.web.servlet.FrameworkServlet [http-nio-8083-exec-10] Completed 200 OK
2023-03-24 23:01:21,390 DEBUG org.springframework.core.log.LogFormatUtils [http-nio-8083-exec-6] GET "/students", parameters={}
2023-03-24 23:01:21,391 DEBUG org.springframework.web.servlet.handler.AbstractHandlerMapping [http-nio-8083-exec-6] Mapped to ma.geo.local.controllers.StudentController#SelectAll()
2023-03-24 23:01:21,393 DEBUG ma.geo.local.controllers.StudentController [http-nio-8083-exec-6] select method
2023-03-24 23:01:21,401 DEBUG org.springframework.web.servlet.FrameworkServlet [http-nio-8083-exec-6] Failed to complete request: java.lang.NullPointerException
2023-03-24 23:01:21,409 ERROR org.apache.juli.logging.DirectJDKLog [http-nio-8083-exec-6] Servlet.service() for servlet [dispatcherServlet] in context with path [] threw exception [Request processing failed; nested exception is java.lang.NullPointerException] with root cause
java.lang.NullPointerException: null
	at ma.geo.local.controllers.StudentController.SelectAll(StudentController.java:37)
	at java.base/jdk.internal.reflect.NativeMethodAccessorImpl.invoke0(Native Method)
	at java.base/jdk.internal.reflect.NativeMethodAccessorImpl.invoke(NativeMethodAccessorImpl.java:62)
	at java.base/jdk.internal.reflect.DelegatingMethodAccessorImpl.invoke(DelegatingMethodAccessorImpl.java:43)
	at java.base/java.lang.reflect.Method.invoke(Method.java:566)
	at org.springframework.web.method.support.InvocableHandlerMethod.doInvoke(InvocableHandlerMethod.java:197)
	at org.springframework.web.method.support.InvocableHandlerMethod.invokeForRequest(InvocableHandlerMethod.java:141)
	at org.springframework.web.servlet.mvc.method.annotation.ServletInvocableHandlerMethod.invokeAndHandle(ServletInvocableHandlerMethod.java:106)
	at org.springframework.web.servlet.mvc.method.annotation.RequestMappingHandlerAdapter.invokeHandlerMethod(RequestMappingHandlerAdapter.java:894)
	at org.springframework.web.servlet.mvc.method.annotation.RequestMappingHandlerAdapter.handleInternal(RequestMappingHandlerAdapter.java:808)
	at org.springframework.web.servlet.mvc.method.AbstractHandlerMethodAdapter.handle(AbstractHandlerMethodAdapter.java:87)
	at org.springframework.web.servlet.DispatcherServlet.doDispatch(DispatcherServlet.java:1063)
	at org.springframework.web.servlet.DispatcherServlet.doService(DispatcherServlet.java:963)
	at org.springframework.web.servlet.FrameworkServlet.processRequest(FrameworkServlet.java:1006)
	at org.springframework.web.servlet.FrameworkServlet.doGet(FrameworkServlet.java:898)
	at javax.servlet.http.HttpServlet.service(HttpServlet.java:626)
	at org.springframework.web.servlet.FrameworkServlet.service(FrameworkServlet.java:883)
	at javax.servlet.http.HttpServlet.service(HttpServlet.java:733)
	at org.apache.catalina.core.ApplicationFilterChain.internalDoFilter(ApplicationFilterChain.java:227)
	at org.apache.catalina.core.ApplicationFilterChain.doFilter(ApplicationFilterChain.java:162)
	at org.apache.tomcat.websocket.server.WsFilter.doFilter(WsFilter.java:53)
	at org.apache.catalina.core.ApplicationFilterChain.internalDoFilter(ApplicationFilterChain.java:189)
	at org.apache.catalina.core.ApplicationFilterChain.doFilter(ApplicationFilterChain.java:162)
	at org.springframework.web.filter.RequestContextFilter.doFilterInternal(RequestContextFilter.java:100)
	at org.springframework.web.filter.OncePerRequestFilter.doFilter(OncePerRequestFilter.java:119)
	at org.apache.catalina.core.ApplicationFilterChain.internalDoFilter(ApplicationFilterChain.java:189)
	at org.apache.catalina.core.ApplicationFilterChain.doFilter(ApplicationFilterChain.java:162)
	at org.springframework.web.filter.FormContentFilter.doFilterInternal(FormContentFilter.java:93)
	at org.springframework.web.filter.OncePerRequestFilter.doFilter(OncePerRequestFilter.java:119)
	at org.apache.catalina.core.ApplicationFilterChain.internalDoFilter(ApplicationFilterChain.java:189)
	at org.apache.catalina.core.ApplicationFilterChain.doFilter(ApplicationFilterChain.java:162)
	at org.springframework.web.filter.CharacterEncodingFilter.doFilterInternal(CharacterEncodingFilter.java:201)
	at org.springframework.web.filter.OncePerRequestFilter.doFilter(OncePerRequestFilter.java:119)
	at org.apache.catalina.core.ApplicationFilterChain.internalDoFilter(ApplicationFilterChain.java:189)
	at org.apache.catalina.core.ApplicationFilterChain.doFilter(ApplicationFilterChain.java:162)
	at org.apache.catalina.core.StandardWrapperValve.invoke(StandardWrapperValve.java:202)
	at org.apache.catalina.core.StandardContextValve.invoke(StandardContextValve.java:97)
	at org.apache.catalina.authenticator.AuthenticatorBase.invoke(AuthenticatorBase.java:542)
	at org.apache.catalina.core.StandardHostValve.invoke(StandardHostValve.java:143)
	at org.apache.catalina.valves.ErrorReportValve.invoke(ErrorReportValve.java:92)
	at org.apache.catalina.core.StandardEngineValve.invoke(StandardEngineValve.java:78)
	at org.apache.catalina.connector.CoyoteAdapter.service(CoyoteAdapter.java:357)
	at org.apache.coyote.http11.Http11Processor.service(Http11Processor.java:374)
	at org.apache.coyote.AbstractProcessorLight.process(AbstractProcessorLight.java:65)
	at org.apache.coyote.AbstractProtocol$ConnectionHandler.process(AbstractProtocol.java:893)
	at org.apache.tomcat.util.net.NioEndpoint$SocketProcessor.doRun(NioEndpoint.java:1707)
	at org.apache.tomcat.util.net.SocketProcessorBase.run(SocketProcessorBase.java:49)
	at java.base/java.util.concurrent.ThreadPoolExecutor.runWorker(ThreadPoolExecutor.java:1128)
	at java.base/java.util.concurrent.ThreadPoolExecutor$Worker.run(ThreadPoolExecutor.java:628)
	at org.apache.tomcat.util.threads.TaskThread$WrappingRunnable.run(TaskThread.java:61)
	at java.base/java.lang.Thread.run(Thread.java:834)
2023-03-24 23:01:21,410 DEBUG org.springframework.core.log.LogFormatUtils [http-nio-8083-exec-6] "ERROR" dispatch for GET "/error", parameters={}
2023-03-24 23:01:21,411 DEBUG org.springframework.web.servlet.handler.AbstractHandlerMapping [http-nio-8083-exec-6] Mapped to org.springframework.boot.autoconfigure.web.servlet.error.BasicErrorController#error(HttpServletRequest)
2023-03-24 23:01:21,417 DEBUG org.springframework.web.servlet.mvc.method.annotation.AbstractMessageConverterMethodProcessor [http-nio-8083-exec-6] Using 'application/json', given [*/*] and supported [application/json, application/*+json, application/json, application/*+json]
2023-03-24 23:01:21,417 DEBUG org.springframework.core.log.LogFormatUtils [http-nio-8083-exec-6] Writing [{timestamp=Fri Mar 24 23:01:21 WET 2023, status=500, error=Internal Server Error, path=/students}]
2023-03-24 23:01:21,420 DEBUG org.springframework.web.servlet.FrameworkServlet [http-nio-8083-exec-6] Exiting from "ERROR" dispatch, status 500
2023-03-24 23:01:22,969 DEBUG org.springframework.core.log.LogFormatUtils [http-nio-8083-exec-7] GET "/students", parameters={}
2023-03-24 23:01:22,970 DEBUG org.springframework.web.servlet.handler.AbstractHandlerMapping [http-nio-8083-exec-7] Mapped to ma.geo.local.controllers.StudentController#SelectAll()
2023-03-24 23:01:22,970 DEBUG ma.geo.local.controllers.StudentController [http-nio-8083-exec-7] select method
2023-03-24 23:01:22,971 DEBUG org.springframework.web.servlet.FrameworkServlet [http-nio-8083-exec-7] Failed to complete request: java.lang.NullPointerException
2023-03-24 23:01:22,972 ERROR org.apache.juli.logging.DirectJDKLog [http-nio-8083-exec-7] Servlet.service() for servlet [dispatcherServlet] in context with path [] threw exception [Request processing failed; nested exception is java.lang.NullPointerException] with root cause
java.lang.NullPointerException: null
	at ma.geo.local.controllers.StudentController.SelectAll(StudentController.java:37)
	at java.base/jdk.internal.reflect.NativeMethodAccessorImpl.invoke0(Native Method)
	at java.base/jdk.internal.reflect.NativeMethodAccessorImpl.invoke(NativeMethodAccessorImpl.java:62)
	at java.base/jdk.internal.reflect.DelegatingMethodAccessorImpl.invoke(DelegatingMethodAccessorImpl.java:43)
	at java.base/java.lang.reflect.Method.invoke(Method.java:566)
	at org.springframework.web.method.support.InvocableHandlerMethod.doInvoke(InvocableHandlerMethod.java:197)
	at org.springframework.web.method.support.InvocableHandlerMethod.invokeForRequest(InvocableHandlerMethod.java:141)
	at org.springframework.web.servlet.mvc.method.annotation.ServletInvocableHandlerMethod.invokeAndHandle(ServletInvocableHandlerMethod.java:106)
	at org.springframework.web.servlet.mvc.method.annotation.RequestMappingHandlerAdapter.invokeHandlerMethod(RequestMappingHandlerAdapter.java:894)
	at org.springframework.web.servlet.mvc.method.annotation.RequestMappingHandlerAdapter.handleInternal(RequestMappingHandlerAdapter.java:808)
	at org.springframework.web.servlet.mvc.method.AbstractHandlerMethodAdapter.handle(AbstractHandlerMethodAdapter.java:87)
	at org.springframework.web.servlet.DispatcherServlet.doDispatch(DispatcherServlet.java:1063)
	at org.springframework.web.servlet.DispatcherServlet.doService(DispatcherServlet.java:963)
	at org.springframework.web.servlet.FrameworkServlet.processRequest(FrameworkServlet.java:1006)
	at org.springframework.web.servlet.FrameworkServlet.doGet(FrameworkServlet.java:898)
	at javax.servlet.http.HttpServlet.service(HttpServlet.java:626)
	at org.springframework.web.servlet.FrameworkServlet.service(FrameworkServlet.java:883)
	at javax.servlet.http.HttpServlet.service(HttpServlet.java:733)
	at org.apache.catalina.core.ApplicationFilterChain.internalDoFilter(ApplicationFilterChain.java:227)
	at org.apache.catalina.core.ApplicationFilterChain.doFilter(ApplicationFilterChain.java:162)
	at org.apache.tomcat.websocket.server.WsFilter.doFilter(WsFilter.java:53)
	at org.apache.catalina.core.ApplicationFilterChain.internalDoFilter(ApplicationFilterChain.java:189)
	at org.apache.catalina.core.ApplicationFilterChain.doFilter(ApplicationFilterChain.java:162)
	at org.springframework.web.filter.RequestContextFilter.doFilterInternal(RequestContextFilter.java:100)
	at org.springframework.web.filter.OncePerRequestFilter.doFilter(OncePerRequestFilter.java:119)
	at org.apache.catalina.core.ApplicationFilterChain.internalDoFilter(ApplicationFilterChain.java:189)
	at org.apache.catalina.core.ApplicationFilterChain.doFilter(ApplicationFilterChain.java:162)
	at org.springframework.web.filter.FormContentFilter.doFilterInternal(FormContentFilter.java:93)
	at org.springframework.web.filter.OncePerRequestFilter.doFilter(OncePerRequestFilter.java:119)
	at org.apache.catalina.core.ApplicationFilterChain.internalDoFilter(ApplicationFilterChain.java:189)
	at org.apache.catalina.core.ApplicationFilterChain.doFilter(ApplicationFilterChain.java:162)
	at org.springframework.web.filter.CharacterEncodingFilter.doFilterInternal(CharacterEncodingFilter.java:201)
	at org.springframework.web.filter.OncePerRequestFilter.doFilter(OncePerRequestFilter.java:119)
	at org.apache.catalina.core.ApplicationFilterChain.internalDoFilter(ApplicationFilterChain.java:189)
	at org.apache.catalina.core.ApplicationFilterChain.doFilter(ApplicationFilterChain.java:162)
	at org.apache.catalina.core.StandardWrapperValve.invoke(StandardWrapperValve.java:202)
	at org.apache.catalina.core.StandardContextValve.invoke(StandardContextValve.java:97)
	at org.apache.catalina.authenticator.AuthenticatorBase.invoke(AuthenticatorBase.java:542)
	at org.apache.catalina.core.StandardHostValve.invoke(StandardHostValve.java:143)
	at org.apache.catalina.valves.ErrorReportValve.invoke(ErrorReportValve.java:92)
	at org.apache.catalina.core.StandardEngineValve.invoke(StandardEngineValve.java:78)
	at org.apache.catalina.connector.CoyoteAdapter.service(CoyoteAdapter.java:357)
	at org.apache.coyote.http11.Http11Processor.service(Http11Processor.java:374)
	at org.apache.coyote.AbstractProcessorLight.process(AbstractProcessorLight.java:65)
	at org.apache.coyote.AbstractProtocol$ConnectionHandler.process(AbstractProtocol.java:893)
	at org.apache.tomcat.util.net.NioEndpoint$SocketProcessor.doRun(NioEndpoint.java:1707)
	at org.apache.tomcat.util.net.SocketProcessorBase.run(SocketProcessorBase.java:49)
	at java.base/java.util.concurrent.ThreadPoolExecutor.runWorker(ThreadPoolExecutor.java:1128)
	at java.base/java.util.concurrent.ThreadPoolExecutor$Worker.run(ThreadPoolExecutor.java:628)
	at org.apache.tomcat.util.threads.TaskThread$WrappingRunnable.run(TaskThread.java:61)
	at java.base/java.lang.Thread.run(Thread.java:834)
2023-03-24 23:01:22,973 DEBUG org.springframework.core.log.LogFormatUtils [http-nio-8083-exec-7] "ERROR" dispatch for GET "/error", parameters={}
2023-03-24 23:01:22,974 DEBUG org.springframework.web.servlet.handler.AbstractHandlerMapping [http-nio-8083-exec-7] Mapped to org.springframework.boot.autoconfigure.web.servlet.error.BasicErrorController#error(HttpServletRequest)
2023-03-24 23:01:22,975 DEBUG org.springframework.web.servlet.mvc.method.annotation.AbstractMessageConverterMethodProcessor [http-nio-8083-exec-7] Using 'application/json', given [*/*] and supported [application/json, application/*+json, application/json, application/*+json]
2023-03-24 23:01:22,976 DEBUG org.springframework.core.log.LogFormatUtils [http-nio-8083-exec-7] Writing [{timestamp=Fri Mar 24 23:01:22 WET 2023, status=500, error=Internal Server Error, path=/students}]
2023-03-24 23:01:22,978 DEBUG org.springframework.web.servlet.FrameworkServlet [http-nio-8083-exec-7] Exiting from "ERROR" dispatch, status 500
2023-03-24 23:02:02,874 INFO org.springframework.orm.jpa.AbstractEntityManagerFactoryBean [SpringApplicationShutdownHook] Closing JPA EntityManagerFactory for persistence unit 'default'
2023-03-24 23:02:02,878 INFO com.zaxxer.hikari.HikariDataSource [SpringApplicationShutdownHook] HikariPool-1 - Shutdown initiated...
2023-03-24 23:02:02,896 INFO com.zaxxer.hikari.HikariDataSource [SpringApplicationShutdownHook] HikariPool-1 - Shutdown completed.
2023-03-24 23:02:45,540 INFO org.springframework.boot.StartupInfoLogger [main] Starting Main using Java 11 on DESKTOP-066IHJT with PID 2104 (C:\Users\HYRESH\Desktop\TpJava\TpSwagger\target\classes started by HYRESH in C:\Users\HYRESH\Desktop\TpJava\TpSwagger)
2023-03-24 23:02:45,544 DEBUG org.springframework.boot.StartupInfoLogger [main] Running with Spring Boot v2.5.1, Spring v5.3.8
2023-03-24 23:02:45,544 INFO org.springframework.boot.SpringApplication [main] The following profiles are active: dev
2023-03-24 23:02:47,015 INFO org.springframework.data.repository.config.RepositoryConfigurationDelegate [main] Bootstrapping Spring Data JPA repositories in DEFAULT mode.
2023-03-24 23:02:47,042 INFO org.springframework.data.repository.config.RepositoryConfigurationDelegate [main] Finished Spring Data repository scanning in 15 ms. Found 0 JPA repository interfaces.
2023-03-24 23:02:48,140 INFO org.springframework.boot.web.embedded.tomcat.TomcatWebServer [main] Tomcat initialized with port(s): 8083 (http)
2023-03-24 23:02:48,166 INFO org.apache.juli.logging.DirectJDKLog [main] Initializing ProtocolHandler ["http-nio-8083"]
2023-03-24 23:02:48,169 INFO org.apache.juli.logging.DirectJDKLog [main] Starting service [Tomcat]
2023-03-24 23:02:48,170 INFO org.apache.juli.logging.DirectJDKLog [main] Starting Servlet engine: [Apache Tomcat/9.0.46]
2023-03-24 23:02:48,332 INFO org.apache.juli.logging.DirectJDKLog [main] Initializing Spring embedded WebApplicationContext
2023-03-24 23:02:48,332 INFO org.springframework.boot.web.servlet.context.ServletWebServerApplicationContext [main] Root WebApplicationContext: initialization completed in 2688 ms
2023-03-24 23:02:48,784 INFO com.zaxxer.hikari.HikariDataSource [main] HikariPool-1 - Starting...
2023-03-24 23:02:49,464 INFO com.zaxxer.hikari.HikariDataSource [main] HikariPool-1 - Start completed.
2023-03-24 23:02:50,936 INFO org.springframework.orm.jpa.AbstractEntityManagerFactoryBean [main] Initialized JPA EntityManagerFactory for persistence unit 'default'
2023-03-24 23:02:51,241 WARN org.springframework.boot.autoconfigure.orm.jpa.JpaBaseConfiguration$JpaWebConfiguration [main] spring.jpa.open-in-view is enabled by default. Therefore, database queries may be performed during view rendering. Explicitly configure spring.jpa.open-in-view to disable this warning
2023-03-24 23:02:51,378 DEBUG org.springframework.web.servlet.handler.AbstractHandlerMethodMapping [main] 11 mappings in 'requestMappingHandlerMapping'
2023-03-24 23:02:51,629 DEBUG org.springframework.web.servlet.mvc.method.annotation.RequestMappingHandlerAdapter [main] ControllerAdvice beans: 0 @ModelAttribute, 0 @InitBinder, 1 RequestBodyAdvice, 1 ResponseBodyAdvice
2023-03-24 23:02:51,680 DEBUG org.springframework.web.servlet.handler.SimpleUrlHandlerMapping [main] Patterns [/swagger-ui/] in 'viewControllerHandlerMapping'
2023-03-24 23:02:51,702 DEBUG org.springframework.web.servlet.handler.SimpleUrlHandlerMapping [main] Patterns [/webjars/**, /**, /swagger-ui/**] in 'resourceHandlerMapping'
2023-03-24 23:02:51,710 DEBUG org.springframework.web.servlet.mvc.method.annotation.ExceptionHandlerExceptionResolver [main] ControllerAdvice beans: 0 @ExceptionHandler, 1 ResponseBodyAdvice
2023-03-24 23:02:51,823 INFO org.apache.juli.logging.DirectJDKLog [main] Starting ProtocolHandler ["http-nio-8083"]
2023-03-24 23:02:51,859 INFO org.springframework.boot.web.embedded.tomcat.TomcatWebServer [main] Tomcat started on port(s): 8083 (http) with context path ''
2023-03-24 23:02:52,127 INFO org.springframework.boot.StartupInfoLogger [main] Started Main in 7.316 seconds (JVM running for 8.104)
2023-03-24 23:02:52,132 INFO ma.geo.local.Main [main] Access URLs:
----------------------------------------------------------
	Local: 		http://127.0.0.1:8083/swagger-ui/#/
	External: 	http://172.17.240.1:8083/swagger-ui/#/
----------------------------------------------------------
2023-03-24 23:02:54,221 INFO org.apache.juli.logging.DirectJDKLog [http-nio-8083-exec-1] Initializing Spring DispatcherServlet 'dispatcherServlet'
2023-03-24 23:02:54,222 INFO org.springframework.web.servlet.FrameworkServlet [http-nio-8083-exec-1] Initializing Servlet 'dispatcherServlet'
2023-03-24 23:02:54,222 DEBUG org.springframework.web.servlet.DispatcherServlet [http-nio-8083-exec-1] Detected StandardServletMultipartResolver
2023-03-24 23:02:54,222 DEBUG org.springframework.web.servlet.DispatcherServlet [http-nio-8083-exec-1] Detected AcceptHeaderLocaleResolver
2023-03-24 23:02:54,223 DEBUG org.springframework.web.servlet.DispatcherServlet [http-nio-8083-exec-1] Detected FixedThemeResolver
2023-03-24 23:02:54,224 DEBUG org.springframework.web.servlet.DispatcherServlet [http-nio-8083-exec-1] Detected org.springframework.web.servlet.view.DefaultRequestToViewNameTranslator@73633230
2023-03-24 23:02:54,224 DEBUG org.springframework.web.servlet.DispatcherServlet [http-nio-8083-exec-1] Detected org.springframework.web.servlet.support.SessionFlashMapManager@9ba167e
2023-03-24 23:02:54,225 DEBUG org.springframework.web.servlet.FrameworkServlet [http-nio-8083-exec-1] enableLoggingRequestDetails='false': request parameters and headers will be masked to prevent unsafe logging of potentially sensitive data
2023-03-24 23:02:54,226 INFO org.springframework.web.servlet.FrameworkServlet [http-nio-8083-exec-1] Completed initialization in 4 ms
2023-03-24 23:02:54,239 DEBUG org.springframework.core.log.LogFormatUtils [http-nio-8083-exec-1] GET "/swagger-resources/configuration/ui", parameters={}
2023-03-24 23:02:54,245 DEBUG org.springframework.web.servlet.handler.AbstractHandlerMapping [http-nio-8083-exec-1] Mapped to springfox.documentation.swagger.web.ApiResourceController#uiConfiguration()
2023-03-24 23:02:54,359 DEBUG org.springframework.web.servlet.mvc.method.annotation.AbstractMessageConverterMethodProcessor [http-nio-8083-exec-1] Using 'application/json', given [application/json] and supported [application/json]
2023-03-24 23:02:54,520 DEBUG org.springframework.core.log.LogFormatUtils [http-nio-8083-exec-1] Writing [springfox.documentation.swagger.web.UiConfiguration@60b59e7f]
2023-03-24 23:02:54,652 DEBUG org.springframework.web.servlet.FrameworkServlet [http-nio-8083-exec-1] Completed 200 OK
2023-03-24 23:02:54,738 DEBUG org.springframework.core.log.LogFormatUtils [http-nio-8083-exec-2] GET "/swagger-resources/configuration/security", parameters={}
2023-03-24 23:02:54,738 DEBUG org.springframework.web.servlet.handler.AbstractHandlerMapping [http-nio-8083-exec-2] Mapped to springfox.documentation.swagger.web.ApiResourceController#securityConfiguration()
2023-03-24 23:02:54,740 DEBUG org.springframework.web.servlet.mvc.method.annotation.AbstractMessageConverterMethodProcessor [http-nio-8083-exec-2] Using 'application/json', given [application/json] and supported [application/json]
2023-03-24 23:02:54,743 DEBUG org.springframework.core.log.LogFormatUtils [http-nio-8083-exec-2] Writing [springfox.documentation.swagger.web.SecurityConfiguration@1dcb6cbc]
2023-03-24 23:02:54,745 DEBUG org.springframework.web.servlet.FrameworkServlet [http-nio-8083-exec-2] Completed 200 OK
2023-03-24 23:02:54,766 DEBUG org.springframework.core.log.LogFormatUtils [http-nio-8083-exec-3] GET "/swagger-resources", parameters={}
2023-03-24 23:02:54,766 DEBUG org.springframework.web.servlet.handler.AbstractHandlerMapping [http-nio-8083-exec-3] Mapped to springfox.documentation.swagger.web.ApiResourceController#swaggerResources()
2023-03-24 23:02:54,767 DEBUG org.springframework.web.servlet.mvc.method.annotation.AbstractMessageConverterMethodProcessor [http-nio-8083-exec-3] Using 'application/json', given [application/json] and supported [application/json]
2023-03-24 23:02:54,768 DEBUG org.springframework.core.log.LogFormatUtils [http-nio-8083-exec-3] Writing [[springfox.documentation.swagger.web.SwaggerResource@168957b1]]
2023-03-24 23:02:54,773 DEBUG org.springframework.web.servlet.FrameworkServlet [http-nio-8083-exec-3] Completed 200 OK
2023-03-24 23:02:54,850 DEBUG org.springframework.core.log.LogFormatUtils [http-nio-8083-exec-4] GET "/v2/api-docs", parameters={}
2023-03-24 23:02:54,850 DEBUG org.springframework.web.servlet.handler.AbstractHandlerMapping [http-nio-8083-exec-4] Mapped to springfox.documentation.swagger2.web.Swagger2ControllerWebMvc#getDocumentation(String, HttpServletRequest)
2023-03-24 23:02:54,973 DEBUG org.springframework.web.servlet.mvc.method.annotation.AbstractMessageConverterMethodProcessor [http-nio-8083-exec-4] Using 'application/json', given [application/json, */*] and supported [application/json, application/hal+json]
2023-03-24 23:02:54,976 DEBUG org.springframework.core.log.LogFormatUtils [http-nio-8083-exec-4] Writing [springfox.documentation.spring.web.json.Json@509c8aec]
2023-03-24 23:02:54,977 DEBUG org.springframework.web.servlet.FrameworkServlet [http-nio-8083-exec-4] Completed 200 OK
2023-03-24 23:03:55,927 INFO org.springframework.orm.jpa.AbstractEntityManagerFactoryBean [SpringApplicationShutdownHook] Closing JPA EntityManagerFactory for persistence unit 'default'
2023-03-24 23:03:55,929 INFO com.zaxxer.hikari.HikariDataSource [SpringApplicationShutdownHook] HikariPool-1 - Shutdown initiated...
2023-03-24 23:03:55,949 INFO com.zaxxer.hikari.HikariDataSource [SpringApplicationShutdownHook] HikariPool-1 - Shutdown completed.
2023-03-24 23:04:46,821 INFO org.springframework.boot.StartupInfoLogger [main] Starting Main using Java 11 on DESKTOP-066IHJT with PID 11552 (C:\Users\HYRESH\Desktop\TpJava\TpSwagger\target\classes started by HYRESH in C:\Users\HYRESH\Desktop\TpJava\TpSwagger)
2023-03-24 23:04:46,825 DEBUG org.springframework.boot.StartupInfoLogger [main] Running with Spring Boot v2.5.1, Spring v5.3.8
2023-03-24 23:04:46,825 INFO org.springframework.boot.SpringApplication [main] The following profiles are active: dev
2023-03-24 23:04:48,211 INFO org.springframework.data.repository.config.RepositoryConfigurationDelegate [main] Bootstrapping Spring Data JPA repositories in DEFAULT mode.
2023-03-24 23:04:48,236 INFO org.springframework.data.repository.config.RepositoryConfigurationDelegate [main] Finished Spring Data repository scanning in 13 ms. Found 0 JPA repository interfaces.
2023-03-24 23:04:49,220 INFO org.springframework.boot.web.embedded.tomcat.TomcatWebServer [main] Tomcat initialized with port(s): 8083 (http)
2023-03-24 23:04:49,234 INFO org.apache.juli.logging.DirectJDKLog [main] Initializing ProtocolHandler ["http-nio-8083"]
2023-03-24 23:04:49,237 INFO org.apache.juli.logging.DirectJDKLog [main] Starting service [Tomcat]
2023-03-24 23:04:49,238 INFO org.apache.juli.logging.DirectJDKLog [main] Starting Servlet engine: [Apache Tomcat/9.0.46]
2023-03-24 23:04:49,392 INFO org.apache.juli.logging.DirectJDKLog [main] Initializing Spring embedded WebApplicationContext
2023-03-24 23:04:49,393 INFO org.springframework.boot.web.servlet.context.ServletWebServerApplicationContext [main] Root WebApplicationContext: initialization completed in 2463 ms
2023-03-24 23:04:49,585 INFO com.zaxxer.hikari.HikariDataSource [main] HikariPool-1 - Starting...
2023-03-24 23:04:50,012 INFO com.zaxxer.hikari.HikariDataSource [main] HikariPool-1 - Start completed.
2023-03-24 23:04:51,753 INFO org.springframework.orm.jpa.AbstractEntityManagerFactoryBean [main] Initialized JPA EntityManagerFactory for persistence unit 'default'
2023-03-24 23:04:52,103 WARN org.springframework.boot.autoconfigure.orm.jpa.JpaBaseConfiguration$JpaWebConfiguration [main] spring.jpa.open-in-view is enabled by default. Therefore, database queries may be performed during view rendering. Explicitly configure spring.jpa.open-in-view to disable this warning
2023-03-24 23:04:52,214 DEBUG org.springframework.web.servlet.handler.AbstractHandlerMethodMapping [main] 11 mappings in 'requestMappingHandlerMapping'
2023-03-24 23:04:52,437 DEBUG org.springframework.web.servlet.mvc.method.annotation.RequestMappingHandlerAdapter [main] ControllerAdvice beans: 0 @ModelAttribute, 0 @InitBinder, 1 RequestBodyAdvice, 1 ResponseBodyAdvice
2023-03-24 23:04:52,504 DEBUG org.springframework.web.servlet.handler.SimpleUrlHandlerMapping [main] Patterns [/swagger-ui/] in 'viewControllerHandlerMapping'
2023-03-24 23:04:52,526 DEBUG org.springframework.web.servlet.handler.SimpleUrlHandlerMapping [main] Patterns [/webjars/**, /**, /swagger-ui/**] in 'resourceHandlerMapping'
2023-03-24 23:04:52,535 DEBUG org.springframework.web.servlet.mvc.method.annotation.ExceptionHandlerExceptionResolver [main] ControllerAdvice beans: 0 @ExceptionHandler, 1 ResponseBodyAdvice
2023-03-24 23:04:52,646 INFO org.apache.juli.logging.DirectJDKLog [main] Starting ProtocolHandler ["http-nio-8083"]
2023-03-24 23:04:52,681 INFO org.springframework.boot.web.embedded.tomcat.TomcatWebServer [main] Tomcat started on port(s): 8083 (http) with context path ''
2023-03-24 23:04:53,009 INFO org.springframework.boot.StartupInfoLogger [main] Started Main in 6.99 seconds (JVM running for 7.84)
2023-03-24 23:04:53,016 INFO ma.geo.local.Main [main] Access URLs:
----------------------------------------------------------
	Local: 		http://127.0.0.1:8083/swagger-ui/#/
	External: 	http://172.17.240.1:8083/swagger-ui/#/
----------------------------------------------------------
2023-03-24 23:05:02,052 INFO org.apache.juli.logging.DirectJDKLog [http-nio-8083-exec-2] Initializing Spring DispatcherServlet 'dispatcherServlet'
2023-03-24 23:05:02,055 INFO org.springframework.web.servlet.FrameworkServlet [http-nio-8083-exec-2] Initializing Servlet 'dispatcherServlet'
2023-03-24 23:05:02,057 DEBUG org.springframework.web.servlet.DispatcherServlet [http-nio-8083-exec-2] Detected StandardServletMultipartResolver
2023-03-24 23:05:02,057 DEBUG org.springframework.web.servlet.DispatcherServlet [http-nio-8083-exec-2] Detected AcceptHeaderLocaleResolver
2023-03-24 23:05:02,058 DEBUG org.springframework.web.servlet.DispatcherServlet [http-nio-8083-exec-2] Detected FixedThemeResolver
2023-03-24 23:05:02,059 DEBUG org.springframework.web.servlet.DispatcherServlet [http-nio-8083-exec-2] Detected org.springframework.web.servlet.view.DefaultRequestToViewNameTranslator@73633230
2023-03-24 23:05:02,060 DEBUG org.springframework.web.servlet.DispatcherServlet [http-nio-8083-exec-2] Detected org.springframework.web.servlet.support.SessionFlashMapManager@9ba167e
2023-03-24 23:05:02,061 DEBUG org.springframework.web.servlet.FrameworkServlet [http-nio-8083-exec-2] enableLoggingRequestDetails='false': request parameters and headers will be masked to prevent unsafe logging of potentially sensitive data
2023-03-24 23:05:02,064 INFO org.springframework.web.servlet.FrameworkServlet [http-nio-8083-exec-2] Completed initialization in 8 ms
2023-03-24 23:05:02,077 DEBUG org.springframework.core.log.LogFormatUtils [http-nio-8083-exec-2] GET "/swagger-resources/configuration/ui", parameters={}
2023-03-24 23:05:02,083 DEBUG org.springframework.web.servlet.handler.AbstractHandlerMapping [http-nio-8083-exec-2] Mapped to springfox.documentation.swagger.web.ApiResourceController#uiConfiguration()
2023-03-24 23:05:02,207 DEBUG org.springframework.web.servlet.mvc.method.annotation.AbstractMessageConverterMethodProcessor [http-nio-8083-exec-2] Using 'application/json', given [application/json] and supported [application/json]
2023-03-24 23:05:02,239 DEBUG org.springframework.core.log.LogFormatUtils [http-nio-8083-exec-2] Writing [springfox.documentation.swagger.web.UiConfiguration@22451d91]
2023-03-24 23:05:02,266 DEBUG org.springframework.web.servlet.FrameworkServlet [http-nio-8083-exec-2] Completed 200 OK
2023-03-24 23:05:02,280 DEBUG org.springframework.core.log.LogFormatUtils [http-nio-8083-exec-4] GET "/swagger-resources/configuration/security", parameters={}
2023-03-24 23:05:02,281 DEBUG org.springframework.web.servlet.handler.AbstractHandlerMapping [http-nio-8083-exec-4] Mapped to springfox.documentation.swagger.web.ApiResourceController#securityConfiguration()
2023-03-24 23:05:02,282 DEBUG org.springframework.web.servlet.mvc.method.annotation.AbstractMessageConverterMethodProcessor [http-nio-8083-exec-4] Using 'application/json', given [application/json] and supported [application/json]
2023-03-24 23:05:02,285 DEBUG org.springframework.core.log.LogFormatUtils [http-nio-8083-exec-4] Writing [springfox.documentation.swagger.web.SecurityConfiguration@692fa0ef]
2023-03-24 23:05:02,287 DEBUG org.springframework.web.servlet.FrameworkServlet [http-nio-8083-exec-4] Completed 200 OK
2023-03-24 23:05:02,293 DEBUG org.springframework.core.log.LogFormatUtils [http-nio-8083-exec-5] GET "/swagger-resources", parameters={}
2023-03-24 23:05:02,293 DEBUG org.springframework.web.servlet.handler.AbstractHandlerMapping [http-nio-8083-exec-5] Mapped to springfox.documentation.swagger.web.ApiResourceController#swaggerResources()
2023-03-24 23:05:02,295 DEBUG org.springframework.web.servlet.mvc.method.annotation.AbstractMessageConverterMethodProcessor [http-nio-8083-exec-5] Using 'application/json', given [application/json] and supported [application/json]
2023-03-24 23:05:02,297 DEBUG org.springframework.core.log.LogFormatUtils [http-nio-8083-exec-5] Writing [[springfox.documentation.swagger.web.SwaggerResource@73d7653a]]
2023-03-24 23:05:02,300 DEBUG org.springframework.web.servlet.FrameworkServlet [http-nio-8083-exec-5] Completed 200 OK
2023-03-24 23:05:02,403 DEBUG org.springframework.core.log.LogFormatUtils [http-nio-8083-exec-6] GET "/v2/api-docs", parameters={}
2023-03-24 23:05:02,404 DEBUG org.springframework.web.servlet.handler.AbstractHandlerMapping [http-nio-8083-exec-6] Mapped to springfox.documentation.swagger2.web.Swagger2ControllerWebMvc#getDocumentation(String, HttpServletRequest)
2023-03-24 23:05:02,742 DEBUG org.springframework.web.servlet.mvc.method.annotation.AbstractMessageConverterMethodProcessor [http-nio-8083-exec-6] Using 'application/json', given [application/json, */*] and supported [application/json, application/hal+json]
2023-03-24 23:05:02,744 DEBUG org.springframework.core.log.LogFormatUtils [http-nio-8083-exec-6] Writing [springfox.documentation.spring.web.json.Json@5e69c865]
2023-03-24 23:05:02,746 DEBUG org.springframework.web.servlet.FrameworkServlet [http-nio-8083-exec-6] Completed 200 OK
2023-03-24 23:06:07,925 DEBUG org.springframework.core.log.LogFormatUtils [http-nio-8083-exec-8] GET "/swagger-ui/", parameters={}
2023-03-24 23:06:07,928 DEBUG org.springframework.web.servlet.handler.AbstractHandlerMapping [http-nio-8083-exec-8] Mapped to ParameterizableViewController [view="forward:/swagger-ui/index.html"]
2023-03-24 23:06:07,933 DEBUG org.springframework.web.servlet.view.ContentNegotiatingViewResolver [http-nio-8083-exec-8] Selected 'text/html' given [text/html, application/xhtml+xml, image/webp, image/apng, application/xml;q=0.9, application/signed-exchange;v=b3;q=0.7, */*;q=0.8]
2023-03-24 23:06:07,935 DEBUG org.springframework.web.servlet.view.AbstractView [http-nio-8083-exec-8] View name 'forward:', model {}
2023-03-24 23:06:07,936 DEBUG org.springframework.web.servlet.view.InternalResourceView [http-nio-8083-exec-8] Forwarding to [/swagger-ui/index.html]
2023-03-24 23:06:07,940 DEBUG org.springframework.core.log.LogFormatUtils [http-nio-8083-exec-8] "FORWARD" dispatch for GET "/swagger-ui/index.html", parameters={}
2023-03-24 23:06:07,942 DEBUG org.springframework.web.servlet.handler.AbstractHandlerMapping [http-nio-8083-exec-8] Mapped to ResourceHttpRequestHandler [Classpath [META-INF/resources/webjars/springfox-swagger-ui/]]
2023-03-24 23:06:07,950 DEBUG org.springframework.web.servlet.FrameworkServlet [http-nio-8083-exec-8] Exiting from "FORWARD" dispatch, status 304
2023-03-24 23:06:07,952 DEBUG org.springframework.web.servlet.FrameworkServlet [http-nio-8083-exec-8] Completed 304 NOT_MODIFIED
2023-03-24 23:06:08,088 DEBUG org.springframework.core.log.LogFormatUtils [http-nio-8083-exec-9] GET "/swagger-resources/configuration/ui", parameters={}
2023-03-24 23:06:08,089 DEBUG org.springframework.web.servlet.handler.AbstractHandlerMapping [http-nio-8083-exec-9] Mapped to springfox.documentation.swagger.web.ApiResourceController#uiConfiguration()
2023-03-24 23:06:08,090 DEBUG org.springframework.web.servlet.mvc.method.annotation.AbstractMessageConverterMethodProcessor [http-nio-8083-exec-9] Using 'application/json', given [application/json] and supported [application/json]
2023-03-24 23:06:08,091 DEBUG org.springframework.core.log.LogFormatUtils [http-nio-8083-exec-9] Writing [springfox.documentation.swagger.web.UiConfiguration@22451d91]
2023-03-24 23:06:08,094 DEBUG org.springframework.web.servlet.FrameworkServlet [http-nio-8083-exec-9] Completed 200 OK
2023-03-24 23:06:08,094 DEBUG org.springframework.core.log.LogFormatUtils [http-nio-8083-exec-10] GET "/swagger-ui/favicon-32x32.png?v=3.0.0", parameters={masked}
2023-03-24 23:06:08,096 DEBUG org.springframework.web.servlet.handler.AbstractHandlerMapping [http-nio-8083-exec-10] Mapped to ResourceHttpRequestHandler [Classpath [META-INF/resources/webjars/springfox-swagger-ui/]]
2023-03-24 23:06:08,099 DEBUG org.springframework.web.servlet.FrameworkServlet [http-nio-8083-exec-10] Completed 304 NOT_MODIFIED
2023-03-24 23:06:08,109 DEBUG org.springframework.core.log.LogFormatUtils [http-nio-8083-exec-3] GET "/swagger-resources/configuration/security", parameters={}
2023-03-24 23:06:08,110 DEBUG org.springframework.web.servlet.handler.AbstractHandlerMapping [http-nio-8083-exec-3] Mapped to springfox.documentation.swagger.web.ApiResourceController#securityConfiguration()
2023-03-24 23:06:08,112 DEBUG org.springframework.web.servlet.mvc.method.annotation.AbstractMessageConverterMethodProcessor [http-nio-8083-exec-3] Using 'application/json', given [application/json] and supported [application/json]
2023-03-24 23:06:08,112 DEBUG org.springframework.core.log.LogFormatUtils [http-nio-8083-exec-3] Writing [springfox.documentation.swagger.web.SecurityConfiguration@692fa0ef]
2023-03-24 23:06:08,114 DEBUG org.springframework.web.servlet.FrameworkServlet [http-nio-8083-exec-3] Completed 200 OK
2023-03-24 23:06:08,119 DEBUG org.springframework.core.log.LogFormatUtils [http-nio-8083-exec-1] GET "/swagger-resources", parameters={}
2023-03-24 23:06:08,120 DEBUG org.springframework.web.servlet.handler.AbstractHandlerMapping [http-nio-8083-exec-1] Mapped to springfox.documentation.swagger.web.ApiResourceController#swaggerResources()
2023-03-24 23:06:08,120 DEBUG org.springframework.web.servlet.mvc.method.annotation.AbstractMessageConverterMethodProcessor [http-nio-8083-exec-1] Using 'application/json', given [application/json] and supported [application/json]
2023-03-24 23:06:08,121 DEBUG org.springframework.core.log.LogFormatUtils [http-nio-8083-exec-1] Writing [[springfox.documentation.swagger.web.SwaggerResource@35ef180b]]
2023-03-24 23:06:08,122 DEBUG org.springframework.web.servlet.FrameworkServlet [http-nio-8083-exec-1] Completed 200 OK
2023-03-24 23:06:08,190 DEBUG org.springframework.core.log.LogFormatUtils [http-nio-8083-exec-2] GET "/v2/api-docs", parameters={}
2023-03-24 23:06:08,190 DEBUG org.springframework.web.servlet.handler.AbstractHandlerMapping [http-nio-8083-exec-2] Mapped to springfox.documentation.swagger2.web.Swagger2ControllerWebMvc#getDocumentation(String, HttpServletRequest)
2023-03-24 23:06:08,200 DEBUG org.springframework.web.servlet.mvc.method.annotation.AbstractMessageConverterMethodProcessor [http-nio-8083-exec-2] Using 'application/json', given [application/json, */*] and supported [application/json, application/hal+json]
2023-03-24 23:06:08,200 DEBUG org.springframework.core.log.LogFormatUtils [http-nio-8083-exec-2] Writing [springfox.documentation.spring.web.json.Json@22d6d386]
2023-03-24 23:06:08,201 DEBUG org.springframework.web.servlet.FrameworkServlet [http-nio-8083-exec-2] Completed 200 OK
2023-03-24 23:06:14,175 DEBUG org.springframework.core.log.LogFormatUtils [http-nio-8083-exec-6] GET "/swagger-resources/configuration/ui", parameters={}
2023-03-24 23:06:14,176 DEBUG org.springframework.web.servlet.handler.AbstractHandlerMapping [http-nio-8083-exec-6] Mapped to springfox.documentation.swagger.web.ApiResourceController#uiConfiguration()
2023-03-24 23:06:14,177 DEBUG org.springframework.web.servlet.mvc.method.annotation.AbstractMessageConverterMethodProcessor [http-nio-8083-exec-6] Using 'application/json', given [application/json] and supported [application/json]
2023-03-24 23:06:14,178 DEBUG org.springframework.core.log.LogFormatUtils [http-nio-8083-exec-6] Writing [springfox.documentation.swagger.web.UiConfiguration@22451d91]
2023-03-24 23:06:14,181 DEBUG org.springframework.web.servlet.FrameworkServlet [http-nio-8083-exec-6] Completed 200 OK
2023-03-24 23:06:14,189 DEBUG org.springframework.core.log.LogFormatUtils [http-nio-8083-exec-7] GET "/swagger-resources/configuration/security", parameters={}
2023-03-24 23:06:14,189 DEBUG org.springframework.web.servlet.handler.AbstractHandlerMapping [http-nio-8083-exec-7] Mapped to springfox.documentation.swagger.web.ApiResourceController#securityConfiguration()
2023-03-24 23:06:14,190 DEBUG org.springframework.web.servlet.mvc.method.annotation.AbstractMessageConverterMethodProcessor [http-nio-8083-exec-7] Using 'application/json', given [application/json] and supported [application/json]
2023-03-24 23:06:14,191 DEBUG org.springframework.core.log.LogFormatUtils [http-nio-8083-exec-7] Writing [springfox.documentation.swagger.web.SecurityConfiguration@692fa0ef]
2023-03-24 23:06:14,192 DEBUG org.springframework.web.servlet.FrameworkServlet [http-nio-8083-exec-7] Completed 200 OK
2023-03-24 23:06:14,198 DEBUG org.springframework.core.log.LogFormatUtils [http-nio-8083-exec-8] GET "/swagger-resources", parameters={}
2023-03-24 23:06:14,199 DEBUG org.springframework.web.servlet.handler.AbstractHandlerMapping [http-nio-8083-exec-8] Mapped to springfox.documentation.swagger.web.ApiResourceController#swaggerResources()
2023-03-24 23:06:14,200 DEBUG org.springframework.web.servlet.mvc.method.annotation.AbstractMessageConverterMethodProcessor [http-nio-8083-exec-8] Using 'application/json', given [application/json] and supported [application/json]
2023-03-24 23:06:14,201 DEBUG org.springframework.core.log.LogFormatUtils [http-nio-8083-exec-8] Writing [[springfox.documentation.swagger.web.SwaggerResource@55d740d9]]
2023-03-24 23:06:14,202 DEBUG org.springframework.web.servlet.FrameworkServlet [http-nio-8083-exec-8] Completed 200 OK
2023-03-24 23:06:14,250 DEBUG org.springframework.core.log.LogFormatUtils [http-nio-8083-exec-9] GET "/v2/api-docs", parameters={}
2023-03-24 23:06:14,251 DEBUG org.springframework.web.servlet.handler.AbstractHandlerMapping [http-nio-8083-exec-9] Mapped to springfox.documentation.swagger2.web.Swagger2ControllerWebMvc#getDocumentation(String, HttpServletRequest)
2023-03-24 23:06:14,256 DEBUG org.springframework.web.servlet.mvc.method.annotation.AbstractMessageConverterMethodProcessor [http-nio-8083-exec-9] Using 'application/json', given [application/json, */*] and supported [application/json, application/hal+json]
2023-03-24 23:06:14,257 DEBUG org.springframework.core.log.LogFormatUtils [http-nio-8083-exec-9] Writing [springfox.documentation.spring.web.json.Json@62e5597c]
2023-03-24 23:06:14,258 DEBUG org.springframework.web.servlet.FrameworkServlet [http-nio-8083-exec-9] Completed 200 OK
2023-03-24 23:06:23,207 INFO org.springframework.orm.jpa.AbstractEntityManagerFactoryBean [SpringApplicationShutdownHook] Closing JPA EntityManagerFactory for persistence unit 'default'
2023-03-24 23:06:23,210 INFO com.zaxxer.hikari.HikariDataSource [SpringApplicationShutdownHook] HikariPool-1 - Shutdown initiated...
2023-03-24 23:06:23,231 INFO com.zaxxer.hikari.HikariDataSource [SpringApplicationShutdownHook] HikariPool-1 - Shutdown completed.
2023-03-24 23:06:26,775 INFO org.springframework.boot.StartupInfoLogger [main] Starting Main using Java 11 on DESKTOP-066IHJT with PID 17816 (C:\Users\HYRESH\Desktop\TpJava\TpSwagger\target\classes started by HYRESH in C:\Users\HYRESH\Desktop\TpJava\TpSwagger)
2023-03-24 23:06:26,779 DEBUG org.springframework.boot.StartupInfoLogger [main] Running with Spring Boot v2.5.1, Spring v5.3.8
2023-03-24 23:06:26,779 INFO org.springframework.boot.SpringApplication [main] The following profiles are active: dev
2023-03-24 23:06:28,435 INFO org.springframework.data.repository.config.RepositoryConfigurationDelegate [main] Bootstrapping Spring Data JPA repositories in DEFAULT mode.
2023-03-24 23:06:28,459 INFO org.springframework.data.repository.config.RepositoryConfigurationDelegate [main] Finished Spring Data repository scanning in 12 ms. Found 0 JPA repository interfaces.
2023-03-24 23:06:29,349 INFO org.springframework.boot.web.embedded.tomcat.TomcatWebServer [main] Tomcat initialized with port(s): 8083 (http)
2023-03-24 23:06:29,363 INFO org.apache.juli.logging.DirectJDKLog [main] Initializing ProtocolHandler ["http-nio-8083"]
2023-03-24 23:06:29,365 INFO org.apache.juli.logging.DirectJDKLog [main] Starting service [Tomcat]
2023-03-24 23:06:29,366 INFO org.apache.juli.logging.DirectJDKLog [main] Starting Servlet engine: [Apache Tomcat/9.0.46]
2023-03-24 23:06:29,543 INFO org.apache.juli.logging.DirectJDKLog [main] Initializing Spring embedded WebApplicationContext
2023-03-24 23:06:29,543 INFO org.springframework.boot.web.servlet.context.ServletWebServerApplicationContext [main] Root WebApplicationContext: initialization completed in 2687 ms
2023-03-24 23:06:29,695 INFO com.zaxxer.hikari.HikariDataSource [main] HikariPool-1 - Starting...
2023-03-24 23:06:30,045 INFO com.zaxxer.hikari.HikariDataSource [main] HikariPool-1 - Start completed.
2023-03-24 23:06:31,552 INFO org.springframework.orm.jpa.AbstractEntityManagerFactoryBean [main] Initialized JPA EntityManagerFactory for persistence unit 'default'
2023-03-24 23:06:31,899 WARN org.springframework.boot.autoconfigure.orm.jpa.JpaBaseConfiguration$JpaWebConfiguration [main] spring.jpa.open-in-view is enabled by default. Therefore, database queries may be performed during view rendering. Explicitly configure spring.jpa.open-in-view to disable this warning
2023-03-24 23:06:32,020 DEBUG org.springframework.web.servlet.handler.AbstractHandlerMethodMapping [main] 11 mappings in 'requestMappingHandlerMapping'
2023-03-24 23:06:32,270 DEBUG org.springframework.web.servlet.mvc.method.annotation.RequestMappingHandlerAdapter [main] ControllerAdvice beans: 0 @ModelAttribute, 0 @InitBinder, 1 RequestBodyAdvice, 1 ResponseBodyAdvice
2023-03-24 23:06:32,360 DEBUG org.springframework.web.servlet.handler.SimpleUrlHandlerMapping [main] Patterns [/swagger-ui/] in 'viewControllerHandlerMapping'
2023-03-24 23:06:32,396 DEBUG org.springframework.web.servlet.handler.SimpleUrlHandlerMapping [main] Patterns [/webjars/**, /**, /swagger-ui/**] in 'resourceHandlerMapping'
2023-03-24 23:06:32,408 DEBUG org.springframework.web.servlet.mvc.method.annotation.ExceptionHandlerExceptionResolver [main] ControllerAdvice beans: 0 @ExceptionHandler, 1 ResponseBodyAdvice
2023-03-24 23:06:32,526 INFO org.apache.juli.logging.DirectJDKLog [main] Starting ProtocolHandler ["http-nio-8083"]
2023-03-24 23:06:32,549 INFO org.springframework.boot.web.embedded.tomcat.TomcatWebServer [main] Tomcat started on port(s): 8083 (http) with context path ''
2023-03-24 23:06:33,183 INFO org.springframework.boot.StartupInfoLogger [main] Started Main in 7.081 seconds (JVM running for 7.834)
2023-03-24 23:06:33,187 INFO ma.geo.local.Main [main] Access URLs:
----------------------------------------------------------
	Local: 		http://127.0.0.1:8083/swagger-ui/#/
	External: 	http://172.17.240.1:8083/swagger-ui/#/
----------------------------------------------------------
2023-03-24 23:06:35,723 INFO org.apache.juli.logging.DirectJDKLog [http-nio-8083-exec-1] Initializing Spring DispatcherServlet 'dispatcherServlet'
2023-03-24 23:06:35,725 INFO org.springframework.web.servlet.FrameworkServlet [http-nio-8083-exec-1] Initializing Servlet 'dispatcherServlet'
2023-03-24 23:06:35,725 DEBUG org.springframework.web.servlet.DispatcherServlet [http-nio-8083-exec-1] Detected StandardServletMultipartResolver
2023-03-24 23:06:35,725 DEBUG org.springframework.web.servlet.DispatcherServlet [http-nio-8083-exec-1] Detected AcceptHeaderLocaleResolver
2023-03-24 23:06:35,726 DEBUG org.springframework.web.servlet.DispatcherServlet [http-nio-8083-exec-1] Detected FixedThemeResolver
2023-03-24 23:06:35,728 DEBUG org.springframework.web.servlet.DispatcherServlet [http-nio-8083-exec-1] Detected org.springframework.web.servlet.view.DefaultRequestToViewNameTranslator@90c01ab
2023-03-24 23:06:35,733 DEBUG org.springframework.web.servlet.DispatcherServlet [http-nio-8083-exec-1] Detected org.springframework.web.servlet.support.SessionFlashMapManager@1e5190bd
2023-03-24 23:06:35,733 DEBUG org.springframework.web.servlet.FrameworkServlet [http-nio-8083-exec-1] enableLoggingRequestDetails='false': request parameters and headers will be masked to prevent unsafe logging of potentially sensitive data
2023-03-24 23:06:35,739 INFO org.springframework.web.servlet.FrameworkServlet [http-nio-8083-exec-1] Completed initialization in 14 ms
2023-03-24 23:06:35,760 DEBUG org.springframework.core.log.LogFormatUtils [http-nio-8083-exec-1] GET "/swagger-resources/configuration/ui", parameters={}
2023-03-24 23:06:35,770 DEBUG org.springframework.web.servlet.handler.AbstractHandlerMapping [http-nio-8083-exec-1] Mapped to springfox.documentation.swagger.web.ApiResourceController#uiConfiguration()
2023-03-24 23:06:35,959 DEBUG org.springframework.web.servlet.mvc.method.annotation.AbstractMessageConverterMethodProcessor [http-nio-8083-exec-1] Using 'application/json', given [application/json] and supported [application/json]
2023-03-24 23:06:36,031 DEBUG org.springframework.core.log.LogFormatUtils [http-nio-8083-exec-1] Writing [springfox.documentation.swagger.web.UiConfiguration@7c89a87b]
2023-03-24 23:06:36,136 DEBUG org.springframework.web.servlet.FrameworkServlet [http-nio-8083-exec-1] Completed 200 OK
2023-03-24 23:06:36,195 DEBUG org.springframework.core.log.LogFormatUtils [http-nio-8083-exec-2] GET "/swagger-resources/configuration/security", parameters={}
2023-03-24 23:06:36,196 DEBUG org.springframework.web.servlet.handler.AbstractHandlerMapping [http-nio-8083-exec-2] Mapped to springfox.documentation.swagger.web.ApiResourceController#securityConfiguration()
2023-03-24 23:06:36,226 DEBUG org.springframework.web.servlet.mvc.method.annotation.AbstractMessageConverterMethodProcessor [http-nio-8083-exec-2] Using 'application/json', given [application/json] and supported [application/json]
2023-03-24 23:06:36,231 DEBUG org.springframework.core.log.LogFormatUtils [http-nio-8083-exec-2] Writing [springfox.documentation.swagger.web.SecurityConfiguration@64ac07ee]
2023-03-24 23:06:36,233 DEBUG org.springframework.web.servlet.FrameworkServlet [http-nio-8083-exec-2] Completed 200 OK
2023-03-24 23:06:36,242 DEBUG org.springframework.core.log.LogFormatUtils [http-nio-8083-exec-3] GET "/swagger-resources", parameters={}
2023-03-24 23:06:36,242 DEBUG org.springframework.web.servlet.handler.AbstractHandlerMapping [http-nio-8083-exec-3] Mapped to springfox.documentation.swagger.web.ApiResourceController#swaggerResources()
2023-03-24 23:06:36,243 DEBUG org.springframework.web.servlet.mvc.method.annotation.AbstractMessageConverterMethodProcessor [http-nio-8083-exec-3] Using 'application/json', given [application/json] and supported [application/json]
2023-03-24 23:06:36,244 DEBUG org.springframework.core.log.LogFormatUtils [http-nio-8083-exec-3] Writing [[springfox.documentation.swagger.web.SwaggerResource@41c0f947]]
2023-03-24 23:06:36,249 DEBUG org.springframework.web.servlet.FrameworkServlet [http-nio-8083-exec-3] Completed 200 OK
2023-03-24 23:06:36,317 DEBUG org.springframework.core.log.LogFormatUtils [http-nio-8083-exec-4] GET "/v2/api-docs", parameters={}
2023-03-24 23:06:36,318 DEBUG org.springframework.web.servlet.handler.AbstractHandlerMapping [http-nio-8083-exec-4] Mapped to springfox.documentation.swagger2.web.Swagger2ControllerWebMvc#getDocumentation(String, HttpServletRequest)
2023-03-24 23:06:36,543 DEBUG org.springframework.web.servlet.mvc.method.annotation.AbstractMessageConverterMethodProcessor [http-nio-8083-exec-4] Using 'application/json', given [application/json, */*] and supported [application/json, application/hal+json]
2023-03-24 23:06:36,546 DEBUG org.springframework.core.log.LogFormatUtils [http-nio-8083-exec-4] Writing [springfox.documentation.spring.web.json.Json@74374562]
2023-03-24 23:06:36,548 DEBUG org.springframework.web.servlet.FrameworkServlet [http-nio-8083-exec-4] Completed 200 OK
2023-03-24 23:07:10,789 INFO org.springframework.orm.jpa.AbstractEntityManagerFactoryBean [SpringApplicationShutdownHook] Closing JPA EntityManagerFactory for persistence unit 'default'
2023-03-24 23:07:10,792 INFO com.zaxxer.hikari.HikariDataSource [SpringApplicationShutdownHook] HikariPool-1 - Shutdown initiated...
2023-03-24 23:07:10,811 INFO com.zaxxer.hikari.HikariDataSource [SpringApplicationShutdownHook] HikariPool-1 - Shutdown completed.
